        -:    0:Source:/home/niwciu/EMBEDDED/1_EMBEDDED_PROJECTS/SECURE_BOOTLOADER/test/MAIN_APP/cmocks/mock_aes.c
        -:    0:Graph:test/MAIN_APP/out/CMakeFiles/MAIN_APP_test.dir/cmocks/mock_aes.c.gcno
        -:    0:Data:test/MAIN_APP/out/CMakeFiles/MAIN_APP_test.dir/cmocks/mock_aes.c.gcda
        -:    0:Runs:0
        -:    1:/* AUTOGENERATED FILE. DO NOT EDIT. */
        -:    2:#include <string.h>
        -:    3:#include <stdlib.h>
        -:    4:#include <setjmp.h>
        -:    5:#include "cmock.h"
        -:    6:#include "mock_aes.h"
        -:    7:
        -:    8:static const char* CMockString_AES_CBC_decrypt_buffer = "AES_CBC_decrypt_buffer";
        -:    9:static const char* CMockString_AES_CBC_init = "AES_CBC_init";
        -:   10:static const char* CMockString_buf = "buf";
        -:   11:static const char* CMockString_iv = "iv";
        -:   12:static const char* CMockString_key = "key";
        -:   13:static const char* CMockString_length = "length";
        -:   14:
        -:   15:typedef struct _CMOCK_AES_CBC_init_CALL_INSTANCE
        -:   16:{
        -:   17:  UNITY_LINE_TYPE LineNumber;
        -:   18:  char ExpectAnyArgsBool;
        -:   19:  const uint8_t* Expected_key;
        -:   20:  const uint8_t* Expected_iv;
        -:   21:
        -:   22:} CMOCK_AES_CBC_init_CALL_INSTANCE;
        -:   23:
        -:   24:typedef struct _CMOCK_AES_CBC_decrypt_buffer_CALL_INSTANCE
        -:   25:{
        -:   26:  UNITY_LINE_TYPE LineNumber;
        -:   27:  char ExpectAnyArgsBool;
        -:   28:  uint8_t* Expected_buf;
        -:   29:  uint32_t Expected_length;
        -:   30:  char ReturnThruPtr_buf_Used;
        -:   31:  uint8_t const* ReturnThruPtr_buf_Val;
        -:   32:  size_t ReturnThruPtr_buf_Size;
        -:   33:
        -:   34:} CMOCK_AES_CBC_decrypt_buffer_CALL_INSTANCE;
        -:   35:
        -:   36:static struct mock_aesInstance
        -:   37:{
        -:   38:  char AES_CBC_init_IgnoreBool;
        -:   39:  char AES_CBC_init_CallbackBool;
        -:   40:  CMOCK_AES_CBC_init_CALLBACK AES_CBC_init_CallbackFunctionPointer;
        -:   41:  int AES_CBC_init_CallbackCalls;
        -:   42:  CMOCK_MEM_INDEX_TYPE AES_CBC_init_CallInstance;
        -:   43:  char AES_CBC_decrypt_buffer_IgnoreBool;
        -:   44:  char AES_CBC_decrypt_buffer_CallbackBool;
        -:   45:  CMOCK_AES_CBC_decrypt_buffer_CALLBACK AES_CBC_decrypt_buffer_CallbackFunctionPointer;
        -:   46:  int AES_CBC_decrypt_buffer_CallbackCalls;
        -:   47:  CMOCK_MEM_INDEX_TYPE AES_CBC_decrypt_buffer_CallInstance;
        -:   48:} Mock;
        -:   49:
        -:   50:
function mock_aes_Verify called 0 returned 0% blocks executed 0%
    #####:   51:void mock_aes_Verify(void)
        -:   52:{
    #####:   53:  UNITY_LINE_TYPE cmock_line = TEST_LINE_NUM;
        -:   54:  CMOCK_MEM_INDEX_TYPE call_instance;
    #####:   55:  call_instance = Mock.AES_CBC_init_CallInstance;
    #####:   56:  if (Mock.AES_CBC_init_IgnoreBool)
    %%%%%:   56-block  0
branch  0 never executed (fallthrough)
branch  1 never executed
    #####:   57:    call_instance = CMOCK_GUTS_NONE;
    %%%%%:   57-block  0
    #####:   58:  if (CMOCK_GUTS_NONE != call_instance)
    %%%%%:   58-block  0
branch  0 never executed (fallthrough)
branch  1 never executed
        -:   59:  {
    #####:   60:    UNITY_SET_DETAIL(CMockString_AES_CBC_init);
    #####:   61:    UNITY_TEST_FAIL(cmock_line, CMockStringCalledLess);
    %%%%%:   61-block  0
call    0 never executed
        -:   62:  }
    #####:   63:  if (Mock.AES_CBC_init_CallbackFunctionPointer != NULL)
    %%%%%:   63-block  0
branch  0 never executed (fallthrough)
branch  1 never executed
        -:   64:  {
    #####:   65:    call_instance = CMOCK_GUTS_NONE;
    %%%%%:   65-block  0
        -:   66:    (void)call_instance;
        -:   67:  }
    #####:   68:  call_instance = Mock.AES_CBC_decrypt_buffer_CallInstance;
    #####:   69:  if (Mock.AES_CBC_decrypt_buffer_IgnoreBool)
    %%%%%:   69-block  0
branch  0 never executed (fallthrough)
branch  1 never executed
    #####:   70:    call_instance = CMOCK_GUTS_NONE;
    %%%%%:   70-block  0
    #####:   71:  if (CMOCK_GUTS_NONE != call_instance)
    %%%%%:   71-block  0
branch  0 never executed (fallthrough)
branch  1 never executed
        -:   72:  {
    #####:   73:    UNITY_SET_DETAIL(CMockString_AES_CBC_decrypt_buffer);
    #####:   74:    UNITY_TEST_FAIL(cmock_line, CMockStringCalledLess);
    %%%%%:   74-block  0
call    0 never executed
        -:   75:  }
    #####:   76:  if (Mock.AES_CBC_decrypt_buffer_CallbackFunctionPointer != NULL)
    %%%%%:   76-block  0
branch  0 never executed (fallthrough)
branch  1 never executed
        -:   77:  {
    #####:   78:    call_instance = CMOCK_GUTS_NONE;
    %%%%%:   78-block  0
        -:   79:    (void)call_instance;
        -:   80:  }
    #####:   81:}
        -:   82:
function mock_aes_Init called 0 returned 0% blocks executed 0%
    #####:   83:void mock_aes_Init(void)
        -:   84:{
    #####:   85:  mock_aes_Destroy();
    %%%%%:   85-block  0
call    0 never executed
    #####:   86:}
        -:   87:
function mock_aes_Destroy called 0 returned 0% blocks executed 0%
    #####:   88:void mock_aes_Destroy(void)
        -:   89:{
    #####:   90:  CMock_Guts_MemFreeAll();
    %%%%%:   90-block  0
call    0 never executed
    #####:   91:  memset(&Mock, 0, sizeof(Mock));
    #####:   92:}
        -:   93:
function AES_CBC_init called 0 returned 0% blocks executed 0%
    #####:   94:void AES_CBC_init(const uint8_t* key, const uint8_t* iv)
        -:   95:{
    #####:   96:  UNITY_LINE_TYPE cmock_line = TEST_LINE_NUM;
        -:   97:  CMOCK_AES_CBC_init_CALL_INSTANCE* cmock_call_instance;
    #####:   98:  UNITY_SET_DETAIL(CMockString_AES_CBC_init);
    #####:   99:  cmock_call_instance = (CMOCK_AES_CBC_init_CALL_INSTANCE*)CMock_Guts_GetAddressFor(Mock.AES_CBC_init_CallInstance);
    #####:  100:  Mock.AES_CBC_init_CallInstance = CMock_Guts_MemNext(Mock.AES_CBC_init_CallInstance);
    #####:  101:  if (Mock.AES_CBC_init_IgnoreBool)
    %%%%%:  101-block  0
branch  0 never executed (fallthrough)
branch  1 never executed
        -:  102:  {
    #####:  103:    UNITY_CLR_DETAILS();
    #####:  104:    return;
    %%%%%:  104-block  0
        -:  105:  }
    #####:  106:  if (!Mock.AES_CBC_init_CallbackBool &&
    %%%%%:  106-block  0
branch  0 never executed (fallthrough)
branch  1 never executed
    #####:  107:      Mock.AES_CBC_init_CallbackFunctionPointer != NULL)
    %%%%%:  107-block  0
branch  0 never executed (fallthrough)
branch  1 never executed
        -:  108:  {
    #####:  109:    Mock.AES_CBC_init_CallbackFunctionPointer(key, iv, Mock.AES_CBC_init_CallbackCalls++);
    %%%%%:  109-block  0
call    0 never executed
    #####:  110:    UNITY_CLR_DETAILS();
    #####:  111:    return;
        -:  112:  }
    #####:  113:  UNITY_TEST_ASSERT_NOT_NULL(cmock_call_instance, cmock_line, CMockStringCalledMore);
    %%%%%:  113-block  0
branch  0 never executed (fallthrough)
branch  1 never executed
    %%%%%:  113-block  1
call    2 never executed
    #####:  114:  cmock_line = cmock_call_instance->LineNumber;
    #####:  115:  if (!cmock_call_instance->ExpectAnyArgsBool)
    %%%%%:  115-block  0
branch  0 never executed (fallthrough)
branch  1 never executed
        -:  116:  {
        -:  117:  {
    #####:  118:    UNITY_SET_DETAILS(CMockString_AES_CBC_init,CMockString_key);
    #####:  119:    if (cmock_call_instance->Expected_key == NULL)
    %%%%%:  119-block  0
branch  0 never executed (fallthrough)
branch  1 never executed
    #####:  120:      { UNITY_TEST_ASSERT_NULL(key, cmock_line, CMockStringExpNULL); }
    %%%%%:  120-block  0
branch  0 never executed (fallthrough)
branch  1 never executed
    %%%%%:  120-block  1
call    2 never executed
        -:  121:    else
    #####:  122:      { UNITY_TEST_ASSERT_EQUAL_HEX8_ARRAY(cmock_call_instance->Expected_key, key, 1, cmock_line, CMockStringMismatch); }
    %%%%%:  122-block  0
call    0 never executed
        -:  123:  }
        -:  124:  {
    #####:  125:    UNITY_SET_DETAILS(CMockString_AES_CBC_init,CMockString_iv);
    #####:  126:    if (cmock_call_instance->Expected_iv == NULL)
    %%%%%:  126-block  0
branch  0 never executed (fallthrough)
branch  1 never executed
    #####:  127:      { UNITY_TEST_ASSERT_NULL(iv, cmock_line, CMockStringExpNULL); }
    %%%%%:  127-block  0
branch  0 never executed (fallthrough)
branch  1 never executed
    %%%%%:  127-block  1
call    2 never executed
        -:  128:    else
    #####:  129:      { UNITY_TEST_ASSERT_EQUAL_HEX8_ARRAY(cmock_call_instance->Expected_iv, iv, 1, cmock_line, CMockStringMismatch); }
    %%%%%:  129-block  0
call    0 never executed
        -:  130:  }
        -:  131:  }
    #####:  132:  if (Mock.AES_CBC_init_CallbackFunctionPointer != NULL)
    %%%%%:  132-block  0
branch  0 never executed (fallthrough)
branch  1 never executed
        -:  133:  {
    #####:  134:    UNITY_SET_DETAIL(CMockString_AES_CBC_init);
    #####:  135:    Mock.AES_CBC_init_CallbackFunctionPointer(key, iv, Mock.AES_CBC_init_CallbackCalls++);
    %%%%%:  135-block  0
call    0 never executed
        -:  136:  }
    #####:  137:  UNITY_CLR_DETAILS();
    %%%%%:  137-block  0
        -:  138:}
        -:  139:
        -:  140:void CMockExpectParameters_AES_CBC_init(CMOCK_AES_CBC_init_CALL_INSTANCE* cmock_call_instance, const uint8_t* key, const uint8_t* iv);
function CMockExpectParameters_AES_CBC_init called 0 returned 0% blocks executed 0%
    #####:  141:void CMockExpectParameters_AES_CBC_init(CMOCK_AES_CBC_init_CALL_INSTANCE* cmock_call_instance, const uint8_t* key, const uint8_t* iv)
        -:  142:{
    #####:  143:  cmock_call_instance->Expected_key = key;
    #####:  144:  cmock_call_instance->Expected_iv = iv;
    #####:  145:}
        -:  146:
function AES_CBC_init_CMockIgnore called 0 returned 0% blocks executed 0%
    #####:  147:void AES_CBC_init_CMockIgnore(void)
        -:  148:{
    #####:  149:  Mock.AES_CBC_init_IgnoreBool = (char)1;
    #####:  150:}
        -:  151:
function AES_CBC_init_CMockStopIgnore called 0 returned 0% blocks executed 0%
    #####:  152:void AES_CBC_init_CMockStopIgnore(void)
        -:  153:{
    #####:  154:  Mock.AES_CBC_init_IgnoreBool = (char)0;
    #####:  155:}
        -:  156:
function AES_CBC_init_CMockExpectAnyArgs called 0 returned 0% blocks executed 0%
    #####:  157:void AES_CBC_init_CMockExpectAnyArgs(UNITY_LINE_TYPE cmock_line)
        -:  158:{
    #####:  159:  CMOCK_MEM_INDEX_TYPE cmock_guts_index = CMock_Guts_MemNew(sizeof(CMOCK_AES_CBC_init_CALL_INSTANCE));
    %%%%%:  159-block  0
call    0 never executed
    #####:  160:  CMOCK_AES_CBC_init_CALL_INSTANCE* cmock_call_instance = (CMOCK_AES_CBC_init_CALL_INSTANCE*)CMock_Guts_GetAddressFor(cmock_guts_index);
    #####:  161:  UNITY_TEST_ASSERT_NOT_NULL(cmock_call_instance, cmock_line, CMockStringOutOfMemory);
branch  0 never executed (fallthrough)
branch  1 never executed
    %%%%%:  161-block  0
call    2 never executed
    #####:  162:  memset(cmock_call_instance, 0, sizeof(*cmock_call_instance));
    #####:  163:  Mock.AES_CBC_init_CallInstance = CMock_Guts_MemChain(Mock.AES_CBC_init_CallInstance, cmock_guts_index);
    %%%%%:  163-block  0
call    0 never executed
    #####:  164:  Mock.AES_CBC_init_IgnoreBool = (char)0;
    #####:  165:  cmock_call_instance->LineNumber = cmock_line;
    #####:  166:  cmock_call_instance->ExpectAnyArgsBool = (char)0;
    #####:  167:  cmock_call_instance->ExpectAnyArgsBool = (char)1;
    #####:  168:}
        -:  169:
function AES_CBC_init_CMockExpect called 0 returned 0% blocks executed 0%
    #####:  170:void AES_CBC_init_CMockExpect(UNITY_LINE_TYPE cmock_line, const uint8_t* key, const uint8_t* iv)
        -:  171:{
    #####:  172:  CMOCK_MEM_INDEX_TYPE cmock_guts_index = CMock_Guts_MemNew(sizeof(CMOCK_AES_CBC_init_CALL_INSTANCE));
    %%%%%:  172-block  0
call    0 never executed
    #####:  173:  CMOCK_AES_CBC_init_CALL_INSTANCE* cmock_call_instance = (CMOCK_AES_CBC_init_CALL_INSTANCE*)CMock_Guts_GetAddressFor(cmock_guts_index);
    #####:  174:  UNITY_TEST_ASSERT_NOT_NULL(cmock_call_instance, cmock_line, CMockStringOutOfMemory);
branch  0 never executed (fallthrough)
branch  1 never executed
    %%%%%:  174-block  0
call    2 never executed
    #####:  175:  memset(cmock_call_instance, 0, sizeof(*cmock_call_instance));
    #####:  176:  Mock.AES_CBC_init_CallInstance = CMock_Guts_MemChain(Mock.AES_CBC_init_CallInstance, cmock_guts_index);
    %%%%%:  176-block  0
call    0 never executed
    #####:  177:  Mock.AES_CBC_init_IgnoreBool = (char)0;
    #####:  178:  cmock_call_instance->LineNumber = cmock_line;
    #####:  179:  cmock_call_instance->ExpectAnyArgsBool = (char)0;
    #####:  180:  CMockExpectParameters_AES_CBC_init(cmock_call_instance, key, iv);
call    0 never executed
    #####:  181:}
        -:  182:
function AES_CBC_init_AddCallback called 0 returned 0% blocks executed 0%
    #####:  183:void AES_CBC_init_AddCallback(CMOCK_AES_CBC_init_CALLBACK Callback)
        -:  184:{
    #####:  185:  Mock.AES_CBC_init_IgnoreBool = (char)0;
    #####:  186:  Mock.AES_CBC_init_CallbackBool = (char)1;
    #####:  187:  Mock.AES_CBC_init_CallbackFunctionPointer = Callback;
    #####:  188:}
        -:  189:
function AES_CBC_init_Stub called 0 returned 0% blocks executed 0%
    #####:  190:void AES_CBC_init_Stub(CMOCK_AES_CBC_init_CALLBACK Callback)
        -:  191:{
    #####:  192:  Mock.AES_CBC_init_IgnoreBool = (char)0;
    #####:  193:  Mock.AES_CBC_init_CallbackBool = (char)0;
    #####:  194:  Mock.AES_CBC_init_CallbackFunctionPointer = Callback;
    #####:  195:}
        -:  196:
function AES_CBC_decrypt_buffer called 0 returned 0% blocks executed 0%
    #####:  197:void AES_CBC_decrypt_buffer(uint8_t* buf, uint32_t length)
        -:  198:{
    #####:  199:  UNITY_LINE_TYPE cmock_line = TEST_LINE_NUM;
        -:  200:  CMOCK_AES_CBC_decrypt_buffer_CALL_INSTANCE* cmock_call_instance;
    #####:  201:  UNITY_SET_DETAIL(CMockString_AES_CBC_decrypt_buffer);
    #####:  202:  cmock_call_instance = (CMOCK_AES_CBC_decrypt_buffer_CALL_INSTANCE*)CMock_Guts_GetAddressFor(Mock.AES_CBC_decrypt_buffer_CallInstance);
    #####:  203:  Mock.AES_CBC_decrypt_buffer_CallInstance = CMock_Guts_MemNext(Mock.AES_CBC_decrypt_buffer_CallInstance);
    #####:  204:  if (Mock.AES_CBC_decrypt_buffer_IgnoreBool)
    %%%%%:  204-block  0
branch  0 never executed (fallthrough)
branch  1 never executed
        -:  205:  {
    #####:  206:    UNITY_CLR_DETAILS();
    #####:  207:    return;
    %%%%%:  207-block  0
        -:  208:  }
    #####:  209:  if (!Mock.AES_CBC_decrypt_buffer_CallbackBool &&
    %%%%%:  209-block  0
branch  0 never executed (fallthrough)
branch  1 never executed
    #####:  210:      Mock.AES_CBC_decrypt_buffer_CallbackFunctionPointer != NULL)
    %%%%%:  210-block  0
branch  0 never executed (fallthrough)
branch  1 never executed
        -:  211:  {
    #####:  212:    Mock.AES_CBC_decrypt_buffer_CallbackFunctionPointer(buf, length, Mock.AES_CBC_decrypt_buffer_CallbackCalls++);
    %%%%%:  212-block  0
call    0 never executed
    #####:  213:    UNITY_CLR_DETAILS();
    #####:  214:    return;
        -:  215:  }
    #####:  216:  UNITY_TEST_ASSERT_NOT_NULL(cmock_call_instance, cmock_line, CMockStringCalledMore);
    %%%%%:  216-block  0
branch  0 never executed (fallthrough)
branch  1 never executed
    %%%%%:  216-block  1
call    2 never executed
    #####:  217:  cmock_line = cmock_call_instance->LineNumber;
    #####:  218:  if (!cmock_call_instance->ExpectAnyArgsBool)
    %%%%%:  218-block  0
branch  0 never executed (fallthrough)
branch  1 never executed
        -:  219:  {
        -:  220:  {
    #####:  221:    UNITY_SET_DETAILS(CMockString_AES_CBC_decrypt_buffer,CMockString_buf);
    #####:  222:    if (cmock_call_instance->Expected_buf == NULL)
    %%%%%:  222-block  0
branch  0 never executed (fallthrough)
branch  1 never executed
    #####:  223:      { UNITY_TEST_ASSERT_NULL(buf, cmock_line, CMockStringExpNULL); }
    %%%%%:  223-block  0
branch  0 never executed (fallthrough)
branch  1 never executed
    %%%%%:  223-block  1
call    2 never executed
        -:  224:    else
    #####:  225:      { UNITY_TEST_ASSERT_EQUAL_HEX8_ARRAY(cmock_call_instance->Expected_buf, buf, 1, cmock_line, CMockStringMismatch); }
    %%%%%:  225-block  0
call    0 never executed
        -:  226:  }
        -:  227:  {
    #####:  228:    UNITY_SET_DETAILS(CMockString_AES_CBC_decrypt_buffer,CMockString_length);
    #####:  229:    UNITY_TEST_ASSERT_EQUAL_HEX32(cmock_call_instance->Expected_length, length, cmock_line, CMockStringMismatch);
    %%%%%:  229-block  0
call    0 never executed
        -:  230:  }
        -:  231:  }
    #####:  232:  if (Mock.AES_CBC_decrypt_buffer_CallbackFunctionPointer != NULL)
    %%%%%:  232-block  0
branch  0 never executed (fallthrough)
branch  1 never executed
        -:  233:  {
    #####:  234:    UNITY_SET_DETAIL(CMockString_AES_CBC_decrypt_buffer);
    #####:  235:    Mock.AES_CBC_decrypt_buffer_CallbackFunctionPointer(buf, length, Mock.AES_CBC_decrypt_buffer_CallbackCalls++);
    %%%%%:  235-block  0
call    0 never executed
        -:  236:  }
    #####:  237:  if (cmock_call_instance->ReturnThruPtr_buf_Used)
    %%%%%:  237-block  0
branch  0 never executed (fallthrough)
branch  1 never executed
        -:  238:  {
    #####:  239:    UNITY_TEST_ASSERT_NOT_NULL(buf, cmock_line, CMockStringPtrIsNULL);
    %%%%%:  239-block  0
branch  0 never executed (fallthrough)
branch  1 never executed
    %%%%%:  239-block  1
call    2 never executed
    #####:  240:    memcpy((void*)buf, (const void*)cmock_call_instance->ReturnThruPtr_buf_Val,
    %%%%%:  240-block  0
        -:  241:      cmock_call_instance->ReturnThruPtr_buf_Size);
        -:  242:  }
    #####:  243:  UNITY_CLR_DETAILS();
    %%%%%:  243-block  0
        -:  244:}
        -:  245:
        -:  246:void CMockExpectParameters_AES_CBC_decrypt_buffer(CMOCK_AES_CBC_decrypt_buffer_CALL_INSTANCE* cmock_call_instance, uint8_t* buf, uint32_t length);
function CMockExpectParameters_AES_CBC_decrypt_buffer called 0 returned 0% blocks executed 0%
    #####:  247:void CMockExpectParameters_AES_CBC_decrypt_buffer(CMOCK_AES_CBC_decrypt_buffer_CALL_INSTANCE* cmock_call_instance, uint8_t* buf, uint32_t length)
        -:  248:{
    #####:  249:  cmock_call_instance->Expected_buf = buf;
    #####:  250:  cmock_call_instance->ReturnThruPtr_buf_Used = 0;
    #####:  251:  cmock_call_instance->Expected_length = length;
    #####:  252:}
        -:  253:
function AES_CBC_decrypt_buffer_CMockIgnore called 0 returned 0% blocks executed 0%
    #####:  254:void AES_CBC_decrypt_buffer_CMockIgnore(void)
        -:  255:{
    #####:  256:  Mock.AES_CBC_decrypt_buffer_IgnoreBool = (char)1;
    #####:  257:}
        -:  258:
function AES_CBC_decrypt_buffer_CMockStopIgnore called 0 returned 0% blocks executed 0%
    #####:  259:void AES_CBC_decrypt_buffer_CMockStopIgnore(void)
        -:  260:{
    #####:  261:  Mock.AES_CBC_decrypt_buffer_IgnoreBool = (char)0;
    #####:  262:}
        -:  263:
function AES_CBC_decrypt_buffer_CMockExpectAnyArgs called 0 returned 0% blocks executed 0%
    #####:  264:void AES_CBC_decrypt_buffer_CMockExpectAnyArgs(UNITY_LINE_TYPE cmock_line)
        -:  265:{
    #####:  266:  CMOCK_MEM_INDEX_TYPE cmock_guts_index = CMock_Guts_MemNew(sizeof(CMOCK_AES_CBC_decrypt_buffer_CALL_INSTANCE));
    %%%%%:  266-block  0
call    0 never executed
    #####:  267:  CMOCK_AES_CBC_decrypt_buffer_CALL_INSTANCE* cmock_call_instance = (CMOCK_AES_CBC_decrypt_buffer_CALL_INSTANCE*)CMock_Guts_GetAddressFor(cmock_guts_index);
    #####:  268:  UNITY_TEST_ASSERT_NOT_NULL(cmock_call_instance, cmock_line, CMockStringOutOfMemory);
branch  0 never executed (fallthrough)
branch  1 never executed
    %%%%%:  268-block  0
call    2 never executed
    #####:  269:  memset(cmock_call_instance, 0, sizeof(*cmock_call_instance));
    #####:  270:  Mock.AES_CBC_decrypt_buffer_CallInstance = CMock_Guts_MemChain(Mock.AES_CBC_decrypt_buffer_CallInstance, cmock_guts_index);
    %%%%%:  270-block  0
call    0 never executed
    #####:  271:  Mock.AES_CBC_decrypt_buffer_IgnoreBool = (char)0;
    #####:  272:  cmock_call_instance->LineNumber = cmock_line;
    #####:  273:  cmock_call_instance->ExpectAnyArgsBool = (char)0;
    #####:  274:  cmock_call_instance->ExpectAnyArgsBool = (char)1;
    #####:  275:}
        -:  276:
function AES_CBC_decrypt_buffer_CMockExpect called 0 returned 0% blocks executed 0%
    #####:  277:void AES_CBC_decrypt_buffer_CMockExpect(UNITY_LINE_TYPE cmock_line, uint8_t* buf, uint32_t length)
        -:  278:{
    #####:  279:  CMOCK_MEM_INDEX_TYPE cmock_guts_index = CMock_Guts_MemNew(sizeof(CMOCK_AES_CBC_decrypt_buffer_CALL_INSTANCE));
    %%%%%:  279-block  0
call    0 never executed
    #####:  280:  CMOCK_AES_CBC_decrypt_buffer_CALL_INSTANCE* cmock_call_instance = (CMOCK_AES_CBC_decrypt_buffer_CALL_INSTANCE*)CMock_Guts_GetAddressFor(cmock_guts_index);
    #####:  281:  UNITY_TEST_ASSERT_NOT_NULL(cmock_call_instance, cmock_line, CMockStringOutOfMemory);
branch  0 never executed (fallthrough)
branch  1 never executed
    %%%%%:  281-block  0
call    2 never executed
    #####:  282:  memset(cmock_call_instance, 0, sizeof(*cmock_call_instance));
    #####:  283:  Mock.AES_CBC_decrypt_buffer_CallInstance = CMock_Guts_MemChain(Mock.AES_CBC_decrypt_buffer_CallInstance, cmock_guts_index);
    %%%%%:  283-block  0
call    0 never executed
    #####:  284:  Mock.AES_CBC_decrypt_buffer_IgnoreBool = (char)0;
    #####:  285:  cmock_call_instance->LineNumber = cmock_line;
    #####:  286:  cmock_call_instance->ExpectAnyArgsBool = (char)0;
    #####:  287:  CMockExpectParameters_AES_CBC_decrypt_buffer(cmock_call_instance, buf, length);
call    0 never executed
    #####:  288:}
        -:  289:
function AES_CBC_decrypt_buffer_AddCallback called 0 returned 0% blocks executed 0%
    #####:  290:void AES_CBC_decrypt_buffer_AddCallback(CMOCK_AES_CBC_decrypt_buffer_CALLBACK Callback)
        -:  291:{
    #####:  292:  Mock.AES_CBC_decrypt_buffer_IgnoreBool = (char)0;
    #####:  293:  Mock.AES_CBC_decrypt_buffer_CallbackBool = (char)1;
    #####:  294:  Mock.AES_CBC_decrypt_buffer_CallbackFunctionPointer = Callback;
    #####:  295:}
        -:  296:
function AES_CBC_decrypt_buffer_Stub called 0 returned 0% blocks executed 0%
    #####:  297:void AES_CBC_decrypt_buffer_Stub(CMOCK_AES_CBC_decrypt_buffer_CALLBACK Callback)
        -:  298:{
    #####:  299:  Mock.AES_CBC_decrypt_buffer_IgnoreBool = (char)0;
    #####:  300:  Mock.AES_CBC_decrypt_buffer_CallbackBool = (char)0;
    #####:  301:  Mock.AES_CBC_decrypt_buffer_CallbackFunctionPointer = Callback;
    #####:  302:}
        -:  303:
function AES_CBC_decrypt_buffer_CMockReturnMemThruPtr_buf called 0 returned 0% blocks executed 0%
    #####:  304:void AES_CBC_decrypt_buffer_CMockReturnMemThruPtr_buf(UNITY_LINE_TYPE cmock_line, uint8_t const* buf, size_t cmock_size)
        -:  305:{
    #####:  306:  CMOCK_AES_CBC_decrypt_buffer_CALL_INSTANCE* cmock_call_instance = (CMOCK_AES_CBC_decrypt_buffer_CALL_INSTANCE*)CMock_Guts_GetAddressFor(CMock_Guts_MemEndOfChain(Mock.AES_CBC_decrypt_buffer_CallInstance));
    #####:  307:  UNITY_TEST_ASSERT_NOT_NULL(cmock_call_instance, cmock_line, CMockStringPtrPreExp);
    %%%%%:  307-block  0
branch  0 never executed (fallthrough)
branch  1 never executed
    %%%%%:  307-block  1
call    2 never executed
    #####:  308:  cmock_call_instance->ReturnThruPtr_buf_Used = 1;
    #####:  309:  cmock_call_instance->ReturnThruPtr_buf_Val = buf;
    #####:  310:  cmock_call_instance->ReturnThruPtr_buf_Size = cmock_size;
    #####:  311:}
        -:  312:
